# JRE version: Java(TM) SE Runtime Environment (8.0_181-b13) (build 1.8.0_181-b13)
# Java VM: Java HotSpot(TM) 64-Bit Server VM (25.181-b13 mixed mode windows-amd64 compressed oops)
Heap:
 PSYoungGen      total 47104K, used 18953K [0x00000000e0780000, 0x00000000e4e80000, 0x0000000100000000)
  eden space 23552K, 62% used [0x00000000e0780000,0x00000000e15e2008,0x00000000e1e80000)
  from space 23552K, 17% used [0x00000000e3780000,0x00000000e3ba05c8,0x00000000e4e80000)
  to   space 24576K, 0% used [0x00000000e1e80000,0x00000000e1e80000,0x00000000e3680000)
 ParOldGen       total 44544K, used 18593K [0x00000000a1600000, 0x00000000a4180000, 0x00000000e0780000)
  object space 44544K, 41% used [0x00000000a1600000,0x00000000a28286e8,0x00000000a4180000)
 Metaspace       used 33106K, capacity 33394K, committed 33664K, reserved 1079296K
  class space    used 3863K, capacity 3951K, committed 3968K, reserved 1048576K
GC Heap History (10 events):
Event: 12.008 GC heap before
{Heap before GC invocations=4 (full 1):
 PSYoungGen      total 28672K, used 24576K [0x00000000e0780000, 0x00000000e2780000, 0x0000000100000000)
  eden space 24576K, 100% used [0x00000000e0780000,0x00000000e1f80000,0x00000000e1f80000)
  from space 4096K, 0% used [0x00000000e2380000,0x00000000e2380000,0x00000000e2780000)
  to   space 4096K, 0% used [0x00000000e1f80000,0x00000000e1f80000,0x00000000e2380000)
 ParOldGen       total 36864K, used 7950K [0x00000000a1600000, 0x00000000a3a00000, 0x00000000e0780000)
  object space 36864K, 21% used [0x00000000a1600000,0x00000000a1dc3a98,0x00000000a3a00000)
 Metaspace       used 25385K, capacity 25620K, committed 25984K, reserved 1073152K
  class space    used 3043K, capacity 3118K, committed 3200K, reserved 1048576K
Event: 12.023 GC heap after
Heap after GC invocations=4 (full 1):
 PSYoungGen      total 28672K, used 4078K [0x00000000e0780000, 0x00000000e2780000, 0x0000000100000000)
  eden space 24576K, 0% used [0x00000000e0780000,0x00000000e0780000,0x00000000e1f80000)
  from space 4096K, 99% used [0x00000000e1f80000,0x00000000e237b950,0x00000000e2380000)
  to   space 4096K, 0% used [0x00000000e2380000,0x00000000e2380000,0x00000000e2780000)
 ParOldGen       total 36864K, used 8956K [0x00000000a1600000, 0x00000000a3a00000, 0x00000000e0780000)
  object space 36864K, 24% used [0x00000000a1600000,0x00000000a1ebf398,0x00000000a3a00000)
 Metaspace       used 25385K, capacity 25620K, committed 25984K, reserved 1073152K
  class space    used 3043K, capacity 3118K, committed 3200K, reserved 1048576K
}
Event: 14.623 GC heap before
{Heap before GC invocations=5 (full 1):
 PSYoungGen      total 28672K, used 24758K [0x00000000e0780000, 0x00000000e2780000, 0x0000000100000000)
  eden space 24576K, 84% used [0x00000000e0780000,0x00000000e1bb1fb0,0x00000000e1f80000)
  from space 4096K, 99% used [0x00000000e1f80000,0x00000000e237b950,0x00000000e2380000)
  to   space 4096K, 0% used [0x00000000e2380000,0x00000000e2380000,0x00000000e2780000)
 ParOldGen       total 36864K, used 8956K [0x00000000a1600000, 0x00000000a3a00000, 0x00000000e0780000)
  object space 36864K, 24% used [0x00000000a1600000,0x00000000a1ebf398,0x00000000a3a00000)
 Metaspace       used 29024K, capacity 29326K, committed 29696K, reserved 1075200K
  class space    used 3408K, capacity 3489K, committed 3584K, reserved 1048576K
Event: 14.635 GC heap after
Heap after GC invocations=5 (full 1):
 PSYoungGen      total 28672K, used 4079K [0x00000000e0780000, 0x00000000e2780000, 0x0000000100000000)
  eden space 24576K, 0% used [0x00000000e0780000,0x00000000e0780000,0x00000000e1f80000)
  from space 4096K, 99% used [0x00000000e2380000,0x00000000e277bf20,0x00000000e2780000)
  to   space 4096K, 0% used [0x00000000e1f80000,0x00000000e1f80000,0x00000000e2380000)
 ParOldGen       total 36864K, used 13303K [0x00000000a1600000, 0x00000000a3a00000, 0x00000000e0780000)
  object space 36864K, 36% used [0x00000000a1600000,0x00000000a22fdd90,0x00000000a3a00000)
 Metaspace       used 29024K, capacity 29326K, committed 29696K, reserved 1075200K
  class space    used 3408K, capacity 3489K, committed 3584K, reserved 1048576K
}
Event: 21.999 GC heap before
{Heap before GC invocations=6 (full 1):
 PSYoungGen      total 28672K, used 28655K [0x00000000e0780000, 0x00000000e2780000, 0x0000000100000000)
  eden space 24576K, 100% used [0x00000000e0780000,0x00000000e1f80000,0x00000000e1f80000)
  from space 4096K, 99% used [0x00000000e2380000,0x00000000e277bf20,0x00000000e2780000)
  to   space 4096K, 0% used [0x00000000e1f80000,0x00000000e1f80000,0x00000000e2380000)
 ParOldGen       total 36864K, used 13303K [0x00000000a1600000, 0x00000000a3a00000, 0x00000000e0780000)
  object space 36864K, 36% used [0x00000000a1600000,0x00000000a22fdd90,0x00000000a3a00000)
 Metaspace       used 32328K, capacity 32584K, committed 32896K, reserved 1079296K
  class space    used 3838K, capacity 3916K, committed 3968K, reserved 1048576K
Event: 22.034 GC heap after
Heap after GC invocations=6 (full 1):
 PSYoungGen      total 28160K, used 4092K [0x00000000e0780000, 0x00000000e5000000, 0x0000000100000000)
  eden space 24064K, 0% used [0x00000000e0780000,0x00000000e0780000,0x00000000e1f00000)
  from space 4096K, 99% used [0x00000000e1f80000,0x00000000e237f130,0x00000000e2380000)
  to   space 25088K, 0% used [0x00000000e3780000,0x00000000e3780000,0x00000000e5000000)
 ParOldGen       total 44544K, used 39153K [0x00000000a1600000, 0x00000000a4180000, 0x00000000e0780000)
  object space 44544K, 87% used [0x00000000a1600000,0x00000000a3c3c700,0x00000000a4180000)
 Metaspace       used 32328K, capacity 32584K, committed 32896K, reserved 1079296K
  class space    used 3838K, capacity 3916K, committed 3968K, reserved 1048576K
}
Event: 22.034 GC heap before
{Heap before GC invocations=7 (full 2):
 PSYoungGen      total 28160K, used 4092K [0x00000000e0780000, 0x00000000e5000000, 0x0000000100000000)
  eden space 24064K, 0% used [0x00000000e0780000,0x00000000e0780000,0x00000000e1f00000)
  from space 4096K, 99% used [0x00000000e1f80000,0x00000000e237f130,0x00000000e2380000)
  to   space 25088K, 0% used [0x00000000e3780000,0x00000000e3780000,0x00000000e5000000)
 ParOldGen       total 44544K, used 39153K [0x00000000a1600000, 0x00000000a4180000, 0x00000000e0780000)
  object space 44544K, 87% used [0x00000000a1600000,0x00000000a3c3c700,0x00000000a4180000)
 Metaspace       used 32328K, capacity 32584K, committed 32896K, reserved 1079296K
  class space    used 3838K, capacity 3916K, committed 3968K, reserved 1048576K
Event: 22.096 GC heap after
Heap after GC invocations=7 (full 2):
 PSYoungGen      total 28160K, used 0K [0x00000000e0780000, 0x00000000e5000000, 0x0000000100000000)
  eden space 24064K, 0% used [0x00000000e0780000,0x00000000e0780000,0x00000000e1f00000)
  from space 4096K, 0% used [0x00000000e1f80000,0x00000000e1f80000,0x00000000e2380000)
  to   space 25088K, 0% used [0x00000000e3780000,0x00000000e3780000,0x00000000e5000000)
 ParOldGen       total 44544K, used 18585K [0x00000000a1600000, 0x00000000a4180000, 0x00000000e0780000)
  object space 44544K, 41% used [0x00000000a1600000,0x00000000a28266e8,0x00000000a4180000)
 Metaspace       used 32328K, capacity 32584K, committed 32896K, reserved 1079296K
  class space    used 3838K, capacity 3916K, committed 3968K, reserved 1048576K
}
Event: 31.821 GC heap before
{Heap before GC invocations=8 (full 2):
 PSYoungGen      total 28160K, used 24064K [0x00000000e0780000, 0x00000000e5000000, 0x0000000100000000)
  eden space 24064K, 100% used [0x00000000e0780000,0x00000000e1f00000,0x00000000e1f00000)
  from space 4096K, 0% used [0x00000000e1f80000,0x00000000e1f80000,0x00000000e2380000)
  to   space 25088K, 0% used [0x00000000e3780000,0x00000000e3780000,0x00000000e5000000)
 ParOldGen       total 44544K, used 18585K [0x00000000a1600000, 0x00000000a4180000, 0x00000000e0780000)
  object space 44544K, 41% used [0x00000000a1600000,0x00000000a28266e8,0x00000000a4180000)
 Metaspace       used 32883K, capacity 33192K, committed 33408K, reserved 1079296K
  class space    used 3857K, capacity 3948K, committed 3968K, reserved 1048576K
Event: 31.831 GC heap after
Heap after GC invocations=8 (full 2):
 PSYoungGen      total 47104K, used 4225K [0x00000000e0780000, 0x00000000e4e80000, 0x0000000100000000)
  eden space 23552K, 0% used [0x00000000e0780000,0x00000000e0780000,0x00000000e1e80000)
  from space 23552K, 17% used [0x00000000e3780000,0x00000000e3ba05c8,0x00000000e4e80000)
  to   space 24576K, 0% used [0x00000000e1e80000,0x00000000e1e80000,0x00000000e3680000)
 ParOldGen       total 44544K, used 18593K [0x00000000a1600000, 0x00000000a4180000, 0x00000000e0780000)
  object space 44544K, 41% used [0x00000000a1600000,0x00000000a28286e8,0x00000000a4180000)
 Metaspace       used 32883K, capacity 33192K, committed 33408K, reserved 1079296K
  class space    used 3857K, capacity 3948K, committed 3968K, reserved 1048576K
}

